Transaction processor not found for deposit businessTransaction processor not found for deposit businessTransaction processor not found for deposit businessTransaction processor not found for deposit businessTransaction processor not found for deposit business20240918 124354 Transaction processor not found for deposit business
20240918 124355 Transaction processor not found for deposit business
20240918 124355 Transaction processor not found for deposit business
20240918 124356 Transaction processor not found for deposit business
20240918 124356 Transaction processor not found for deposit business
20240918 124356 Transaction processor not found for deposit business
20240918 124357 Transaction processor not found for deposit business
20240918 124357 Transaction processor not found for deposit business
20240918 124358 Transaction processor not found for deposit business
2024-09-18 12:44:32 Transaction processor not found for deposit business
2024-09-18 12:44:33 Transaction processor not found for deposit business
2024-09-18 12:44:33 Transaction processor not found for deposit business
2024-09-18 12:44:33 Transaction processor not found for deposit business
2024-09-18 12:44:34 Transaction processor not found for deposit business
2024-09-18 12:44:34 Transaction processor not found for deposit business
2024-09-18 12:44:34 Transaction processor not found for deposit business
2024-09-18 12:49:43 Transaction processor not found for deposit business
2024-09-18 12:51:17 Transaction processor not found for deposit business
2024-09-18 12:51:17 Transaction processor not found for deposit business
2024-09-18 12:51:18 Transaction processor not found for deposit business
2024-09-18 12:51:18 Transaction processor not found for deposit business
2024-09-18 12:52:08 Transaction processor not found for deposit business
2024-09-24 19:05:30 Transaction processor not found for  
2024-09-24 19:05:30 Transaction processor not found for  
2024-09-24 19:05:30 Transaction processor not found for  
2024-09-24 19:05:30 Transaction processor not found for  
2024-09-24 19:05:30 Transaction processor not found for  
2024-09-24 19:05:30 Transaction processor not found for  
2024-09-24 19:05:30 Transaction processor not found for  
2024-09-24 19:05:30 Transaction processor not found for  
2024-09-24 19:05:30 Transaction processor not found for  
2024-09-24 19:05:30 Transaction processor not found for  
2024-09-24 19:05:30 Transaction processor not found for  
2024-09-24 19:05:30 Transaction processor not found for  
2024-09-24 19:05:30 Transaction processor not found for  
2024-09-24 19:05:55 Transaction processor not found for  
2024-09-24 19:05:55 Transaction processor not found for  
2024-09-24 19:05:55 Transaction processor not found for  
2024-09-24 19:05:55 Transaction processor not found for  
2024-09-24 19:05:55 Transaction processor not found for  
2024-09-24 19:05:55 Transaction processor not found for  
2024-09-24 19:05:55 Transaction processor not found for  
2024-09-24 19:05:55 Transaction processor not found for  
2024-09-24 19:05:55 Transaction processor not found for  
2024-09-24 19:05:55 Transaction processor not found for  
2024-09-24 19:05:55 Transaction processor not found for  
2024-09-24 19:05:55 Transaction processor not found for  
2024-09-24 19:05:55 Transaction processor not found for  
2024-09-24 19:06:27 Transaction processor not found for  
2024-09-24 19:06:27 Transaction processor not found for  
2024-09-24 19:06:27 Transaction processor not found for  
2024-09-24 19:06:27 Transaction processor not found for  
2024-09-24 19:06:27 Transaction processor not found for  
2024-09-24 19:06:27 Transaction processor not found for  
2024-09-24 19:06:27 Transaction processor not found for  
2024-09-24 19:06:27 Transaction processor not found for  
2024-09-24 19:06:27 Transaction processor not found for  
2024-09-24 19:06:27 Transaction processor not found for  
2024-09-24 19:06:27 Transaction processor not found for  
2024-09-24 19:06:27 Transaction processor not found for  
2024-09-24 19:06:27 Transaction processor not found for  
2024-09-24 19:07:12 Transaction processor not found for withdraw private
2024-09-24 19:07:12 Transaction processor not found for withdraw private
2024-09-24 19:07:12 Transaction processor not found for withdraw private
2024-09-24 19:07:12 Transaction processor not found for deposit private
2024-09-24 19:07:12 Transaction processor not found for withdraw business
2024-09-24 19:07:12 Transaction processor not found for withdraw private
2024-09-24 19:07:12 Transaction processor not found for withdraw private
2024-09-24 19:07:12 Transaction processor not found for withdraw private
2024-09-24 19:07:12 Transaction processor not found for withdraw private
2024-09-24 19:07:12 Transaction processor not found for deposit business
2024-09-24 19:07:12 Transaction processor not found for withdraw private
2024-09-24 19:07:12 Transaction processor not found for withdraw private
2024-09-24 19:07:12 Transaction processor not found for withdraw private
